# JRE version: OpenJDK Runtime Environment (8.0_302-b08) (build 1.8.0_302-b08)
# Java VM: OpenJDK 64-Bit Server VM (25.302-b08 mixed mode windows-amd64 compressed oops)
Heap:
 PSYoungGen      total 155136K, used 132048K [0x00000000f5580000, 0x0000000100000000, 0x0000000100000000)
  eden space 135168K, 88% used [0x00000000f5580000,0x00000000fca5f838,0x00000000fd980000)
  from space 19968K, 61% used [0x00000000fec80000,0x00000000ff894a68,0x0000000100000000)
  to   space 19456K, 0% used [0x00000000fd980000,0x00000000fd980000,0x00000000fec80000)
 ParOldGen       total 306688K, used 36571K [0x00000000e0000000, 0x00000000f2b80000, 0x00000000f5580000)
  object space 306688K, 11% used [0x00000000e0000000,0x00000000e23b6d58,0x00000000f2b80000)
 Metaspace       used 69029K, capacity 72240K, committed 72320K, reserved 1112064K
  class space    used 9701K, capacity 10342K, committed 10368K, reserved 1048576K
GC Heap History (10 events):
Event: 21.457 GC heap before
{Heap before GC invocations=11 (full 2):
 PSYoungGen      total 111616K, used 106135K [0x00000000f5580000, 0x00000000fd400000, 0x0000000100000000)
  eden space 99840K, 100% used [0x00000000f5580000,0x00000000fb700000,0x00000000fb700000)
  from space 11776K, 53% used [0x00000000fc280000,0x00000000fc8a5c80,0x00000000fce00000)
  to   space 11776K, 0% used [0x00000000fb700000,0x00000000fb700000,0x00000000fc280000)
 ParOldGen       total 200704K, used 14467K [0x00000000e0000000, 0x00000000ec400000, 0x00000000f5580000)
  object space 200704K, 7% used [0x00000000e0000000,0x00000000e0e20dc0,0x00000000ec400000)
 Metaspace       used 42826K, capacity 44850K, committed 45056K, reserved 1087488K
  class space    used 5869K, capacity 6314K, committed 6400K, reserved 1048576K
Event: 21.466 GC heap after
Heap after GC invocations=11 (full 2):
 PSYoungGen      total 111616K, used 10461K [0x00000000f5580000, 0x00000000fe280000, 0x0000000100000000)
  eden space 99840K, 0% used [0x00000000f5580000,0x00000000f5580000,0x00000000fb700000)
  from space 11776K, 88% used [0x00000000fb700000,0x00000000fc137788,0x00000000fc280000)
  to   space 12288K, 0% used [0x00000000fd680000,0x00000000fd680000,0x00000000fe280000)
 ParOldGen       total 200704K, used 14475K [0x00000000e0000000, 0x00000000ec400000, 0x00000000f5580000)
  object space 200704K, 7% used [0x00000000e0000000,0x00000000e0e22dc0,0x00000000ec400000)
 Metaspace       used 42826K, capacity 44850K, committed 45056K, reserved 1087488K
  class space    used 5869K, capacity 6314K, committed 6400K, reserved 1048576K
}
Event: 23.517 GC heap before
{Heap before GC invocations=12 (full 2):
 PSYoungGen      total 111616K, used 110301K [0x00000000f5580000, 0x00000000fe280000, 0x0000000100000000)
  eden space 99840K, 100% used [0x00000000f5580000,0x00000000fb700000,0x00000000fb700000)
  from space 11776K, 88% used [0x00000000fb700000,0x00000000fc137788,0x00000000fc280000)
  to   space 12288K, 0% used [0x00000000fd680000,0x00000000fd680000,0x00000000fe280000)
 ParOldGen       total 200704K, used 14475K [0x00000000e0000000, 0x00000000ec400000, 0x00000000f5580000)
  object space 200704K, 7% used [0x00000000e0000000,0x00000000e0e22dc0,0x00000000ec400000)
 Metaspace       used 51748K, capacity 54008K, committed 54144K, reserved 1095680K
  class space    used 7046K, capacity 7532K, committed 7552K, reserved 1048576K
Event: 23.528 GC heap after
Heap after GC invocations=12 (full 2):
 PSYoungGen      total 129024K, used 12286K [0x00000000f5580000, 0x00000000fe900000, 0x0000000100000000)
  eden space 116736K, 0% used [0x00000000f5580000,0x00000000f5580000,0x00000000fc780000)
  from space 12288K, 99% used [0x00000000fd680000,0x00000000fe27f968,0x00000000fe280000)
  to   space 15360K, 0% used [0x00000000fc780000,0x00000000fc780000,0x00000000fd680000)
 ParOldGen       total 200704K, used 20270K [0x00000000e0000000, 0x00000000ec400000, 0x00000000f5580000)
  object space 200704K, 10% used [0x00000000e0000000,0x00000000e13cba18,0x00000000ec400000)
 Metaspace       used 51748K, capacity 54008K, committed 54144K, reserved 1095680K
  class space    used 7046K, capacity 7532K, committed 7552K, reserved 1048576K
}
Event: 27.153 GC heap before
{Heap before GC invocations=13 (full 2):
 PSYoungGen      total 129024K, used 115919K [0x00000000f5580000, 0x00000000fe900000, 0x0000000100000000)
  eden space 116736K, 88% used [0x00000000f5580000,0x00000000fbab42e8,0x00000000fc780000)
  from space 12288K, 99% used [0x00000000fd680000,0x00000000fe27f968,0x00000000fe280000)
  to   space 15360K, 0% used [0x00000000fc780000,0x00000000fc780000,0x00000000fd680000)
 ParOldGen       total 200704K, used 20270K [0x00000000e0000000, 0x00000000ec400000, 0x00000000f5580000)
  object space 200704K, 10% used [0x00000000e0000000,0x00000000e13cba18,0x00000000ec400000)
 Metaspace       used 56468K, capacity 59008K, committed 59136K, reserved 1099776K
  class space    used 7819K, capacity 8388K, committed 8448K, reserved 1048576K
Event: 27.165 GC heap after
Heap after GC invocations=13 (full 2):
 PSYoungGen      total 132096K, used 15348K [0x00000000f5580000, 0x0000000100000000, 0x0000000100000000)
  eden space 116736K, 0% used [0x00000000f5580000,0x00000000f5580000,0x00000000fc780000)
  from space 15360K, 99% used [0x00000000fc780000,0x00000000fd67d350,0x00000000fd680000)
  to   space 19968K, 0% used [0x00000000fec80000,0x00000000fec80000,0x0000000100000000)
 ParOldGen       total 200704K, used 27552K [0x00000000e0000000, 0x00000000ec400000, 0x00000000f5580000)
  object space 200704K, 13% used [0x00000000e0000000,0x00000000e1ae8290,0x00000000ec400000)
 Metaspace       used 56468K, capacity 59008K, committed 59136K, reserved 1099776K
  class space    used 7819K, capacity 8388K, committed 8448K, reserved 1048576K
}
Event: 27.166 GC heap before
{Heap before GC invocations=14 (full 3):
 PSYoungGen      total 132096K, used 15348K [0x00000000f5580000, 0x0000000100000000, 0x0000000100000000)
  eden space 116736K, 0% used [0x00000000f5580000,0x00000000f5580000,0x00000000fc780000)
  from space 15360K, 99% used [0x00000000fc780000,0x00000000fd67d350,0x00000000fd680000)
  to   space 19968K, 0% used [0x00000000fec80000,0x00000000fec80000,0x0000000100000000)
 ParOldGen       total 200704K, used 27552K [0x00000000e0000000, 0x00000000ec400000, 0x00000000f5580000)
  object space 200704K, 13% used [0x00000000e0000000,0x00000000e1ae8290,0x00000000ec400000)
 Metaspace       used 56468K, capacity 59008K, committed 59136K, reserved 1099776K
  class space    used 7819K, capacity 8388K, committed 8448K, reserved 1048576K
Event: 27.328 GC heap after
Heap after GC invocations=14 (full 3):
 PSYoungGen      total 132096K, used 0K [0x00000000f5580000, 0x0000000100000000, 0x0000000100000000)
  eden space 116736K, 0% used [0x00000000f5580000,0x00000000f5580000,0x00000000fc780000)
  from space 15360K, 0% used [0x00000000fc780000,0x00000000fc780000,0x00000000fd680000)
  to   space 19968K, 0% used [0x00000000fec80000,0x00000000fec80000,0x0000000100000000)
 ParOldGen       total 306688K, used 36499K [0x00000000e0000000, 0x00000000f2b80000, 0x00000000f5580000)
  object space 306688K, 11% used [0x00000000e0000000,0x00000000e23a4d48,0x00000000f2b80000)
 Metaspace       used 56400K, capacity 58780K, committed 59136K, reserved 1099776K
  class space    used 7798K, capacity 8350K, committed 8448K, reserved 1048576K
}
Event: 29.026 GC heap before
{Heap before GC invocations=15 (full 3):
 PSYoungGen      total 132096K, used 116736K [0x00000000f5580000, 0x0000000100000000, 0x0000000100000000)
  eden space 116736K, 100% used [0x00000000f5580000,0x00000000fc780000,0x00000000fc780000)
  from space 15360K, 0% used [0x00000000fc780000,0x00000000fc780000,0x00000000fd680000)
  to   space 19968K, 0% used [0x00000000fec80000,0x00000000fec80000,0x0000000100000000)
 ParOldGen       total 306688K, used 36499K [0x00000000e0000000, 0x00000000f2b80000, 0x00000000f5580000)
  object space 306688K, 11% used [0x00000000e0000000,0x00000000e23a4d48,0x00000000f2b80000)
 Metaspace       used 63961K, capacity 66760K, committed 66944K, reserved 1105920K
  class space    used 9004K, capacity 9592K, committed 9600K, reserved 1048576K
Event: 29.035 GC heap after
Heap after GC invocations=15 (full 3):
 PSYoungGen      total 155136K, used 12370K [0x00000000f5580000, 0x0000000100000000, 0x0000000100000000)
  eden space 135168K, 0% used [0x00000000f5580000,0x00000000f5580000,0x00000000fd980000)
  from space 19968K, 61% used [0x00000000fec80000,0x00000000ff894a68,0x0000000100000000)
  to   space 19456K, 0% used [0x00000000fd980000,0x00000000fd980000,0x00000000fec80000)
 ParOldGen       total 306688K, used 36571K [0x00000000e0000000, 0x00000000f2b80000, 0x00000000f5580000)
  object space 306688K, 11% used [0x00000000e0000000,0x00000000e23b6d58,0x00000000f2b80000)
 Metaspace       used 63961K, capacity 66760K, committed 66944K, reserved 1105920K
  class space    used 9004K, capacity 9592K, committed 9600K, reserved 1048576K
}

